<?xml version="1.0" encoding="UTF-8"?>
<!-- Generated by org.testng.reporters.JUnitReportReporter -->
<testsuite hostname="CDC2-L-329F880" failures="0" tests="1" name="LUMA.Registration" time="109.519" errors="0" timestamp="2025-03-30T15:19:06 IST" skipped="0">
  <testcase classname="LUMA.Registration" name="Registration" time="109.519"/>
</testsuite> <!-- LUMA.Registration -->
