<?xml version="1.0" encoding="UTF-8"?>
<!-- Generated by org.testng.reporters.JUnitReportReporter -->
<testsuite hostname="CDC2-L-329F880" failures="0" tests="1" name="LearnAutomation.TestNg" time="4.777" errors="0" timestamp="2025-03-29T17:01:32 IST" skipped="0">
  <testcase classname="LearnAutomation.TestNg" name="loginInTest" time="4.777"/>
</testsuite> <!-- LearnAutomation.TestNg -->
